{"contracts/2wpTest.sol":{"l":{},"path":"/Users/abraz/projetos/solidity_node_rsk/contracts/2wpTest.sol","s":{},"b":{},"f":{},"fnMap":{},"statementMap":{},"branchMap":{}},"contracts/Cars.sol":{"l":{"27":12,"28":12,"36":4,"37":4,"38":4,"39":4,"47":1,"48":1,"56":0,"57":0,"61":1,"62":1,"63":0,"68":1,"69":1,"73":2,"77":1},"path":"/Users/abraz/projetos/solidity_node_rsk/contracts/Cars.sol","s":{"1":12,"2":12,"3":4,"4":4,"5":4,"6":4,"7":1,"8":1,"9":0,"10":0,"11":1,"12":1,"13":0,"14":1,"15":2},"b":{"1":[4,0],"2":[1,0],"3":[0,0],"4":[0,1],"5":[1,0],"6":[1,1]},"f":{"1":12,"2":4,"3":1,"4":0,"5":1,"6":1,"7":2},"fnMap":{"1":{"name":"constructor","line":26,"loc":{"start":{"line":26,"column":4},"end":{"line":29,"column":4}}},"2":{"name":"addCar","line":31,"loc":{"start":{"line":31,"column":4},"end":{"line":40,"column":4}}},"3":{"name":"contractOwnerWithdraw","line":44,"loc":{"start":{"line":42,"column":4},"end":{"line":50,"column":4}}},"4":{"name":"statusChange","line":54,"loc":{"start":{"line":52,"column":4},"end":{"line":58,"column":4}}},"5":{"name":"honk","line":60,"loc":{"start":{"line":60,"column":4},"end":{"line":65,"column":4}}},"6":{"name":"onlyOwner","line":67,"loc":{"start":{"line":67,"column":4},"end":{"line":70,"column":4}}},"7":{"name":"onlyTheOwner","line":72,"loc":{"start":{"line":72,"column":4},"end":{"line":78,"column":4}}}},"statementMap":{"1":{"start":{"line":27,"column":8},"end":{"line":27,"column":47}},"2":{"start":{"line":28,"column":8},"end":{"line":28,"column":34}},"3":{"start":{"line":36,"column":8},"end":{"line":36,"column":57}},"4":{"start":{"line":37,"column":8},"end":{"line":37,"column":24}},"5":{"start":{"line":38,"column":8},"end":{"line":38,"column":76}},"6":{"start":{"line":39,"column":8},"end":{"line":39,"column":27}},"7":{"start":{"line":47,"column":8},"end":{"line":47,"column":77}},"8":{"start":{"line":48,"column":8},"end":{"line":48,"column":44}},"9":{"start":{"line":56,"column":8},"end":{"line":56,"column":60}},"10":{"start":{"line":57,"column":8},"end":{"line":57,"column":37}},"11":{"start":{"line":61,"column":8},"end":{"line":61,"column":27}},"12":{"start":{"line":62,"column":8},"end":{"line":62,"column":1517}},"13":{"start":{"line":63,"column":12},"end":{"line":63,"column":27}},"14":{"start":{"line":68,"column":8},"end":{"line":68,"column":61}},"15":{"start":{"line":73,"column":8},"end":{"line":73,"column":1736}}},"branchMap":{"1":{"line":36,"type":"if","locations":[{"start":{"line":36,"column":8},"end":{"line":36,"column":8}},{"start":{"line":36,"column":8},"end":{"line":36,"column":8}}]},"2":{"line":48,"type":"if","locations":[{"start":{"line":48,"column":8},"end":{"line":48,"column":8}},{"start":{"line":48,"column":8},"end":{"line":48,"column":8}}]},"3":{"line":56,"type":"if","locations":[{"start":{"line":56,"column":8},"end":{"line":56,"column":8}},{"start":{"line":56,"column":8},"end":{"line":56,"column":8}}]},"4":{"line":62,"type":"if","locations":[{"start":{"line":62,"column":8},"end":{"line":62,"column":8}},{"start":{"line":62,"column":8},"end":{"line":62,"column":8}}]},"5":{"line":68,"type":"if","locations":[{"start":{"line":68,"column":8},"end":{"line":68,"column":8}},{"start":{"line":68,"column":8},"end":{"line":68,"column":8}}]},"6":{"line":73,"type":"if","locations":[{"start":{"line":73,"column":8},"end":{"line":73,"column":8}},{"start":{"line":73,"column":8},"end":{"line":73,"column":8}}]}}},"contracts/ISuperHonk.sol":{"l":{"16":0,"17":0,"18":0},"path":"/Users/abraz/projetos/solidity_node_rsk/contracts/ISuperHonk.sol","s":{"1":0,"2":0,"3":0},"b":{"1":[0,0]},"f":{"1":0},"fnMap":{"1":{"name":"honk","line":15,"loc":{"start":{"line":15,"column":4},"end":{"line":19,"column":4}}}},"statementMap":{"1":{"start":{"line":16,"column":8},"end":{"line":16,"column":51}},"2":{"start":{"line":17,"column":8},"end":{"line":17,"column":17}},"3":{"start":{"line":18,"column":8},"end":{"line":18,"column":33}}},"branchMap":{"1":{"line":16,"type":"if","locations":[{"start":{"line":16,"column":8},"end":{"line":16,"column":8}},{"start":{"line":16,"column":8},"end":{"line":16,"column":8}}]}}},"contracts/Warnings.sol":{"l":{"10":0},"path":"/Users/abraz/projetos/solidity_node_rsk/contracts/Warnings.sol","s":{"1":0},"b":{},"f":{"1":0,"2":0},"fnMap":{"1":{"name":"constructor","line":7,"loc":{"start":{"line":7,"column":4},"end":{"line":7,"column":19}}},"2":{"name":"add","line":9,"loc":{"start":{"line":9,"column":4},"end":{"line":11,"column":4}}}},"statementMap":{"1":{"start":{"line":10,"column":8},"end":{"line":10,"column":20}}},"branchMap":{}}}