{"contracts/Cars.sol":{"l":{"26":9,"37":3,"41":3,"42":3,"48":3,"58":0,"62":0,"72":1,"73":1,"74":0,"82":1,"86":1},"path":"/Users/abraz/projetos/solidity_node/contracts/Cars.sol","s":{"1":9,"2":3,"3":3,"4":3,"5":3,"6":0,"7":0,"8":1,"9":1,"10":0,"11":1},"b":{"1":[3,0],"2":[0,0],"3":[0,1],"4":[1,0]},"f":{"1":9,"2":3,"3":0,"4":1,"5":1},"fnMap":{"1":{"name":"constructor","line":23,"loc":{"start":{"line":23,"column":4},"end":{"line":27,"column":4}}},"2":{"name":"addCar","line":29,"loc":{"start":{"line":29,"column":4},"end":{"line":49,"column":4}}},"3":{"name":"statusChange","line":56,"loc":{"start":{"line":51,"column":4},"end":{"line":63,"column":4}}},"4":{"name":"honk","line":70,"loc":{"start":{"line":65,"column":4},"end":{"line":76,"column":4}}},"5":{"name":"onlyOwner","line":78,"loc":{"start":{"line":78,"column":4},"end":{"line":87,"column":4}}}},"statementMap":{"1":{"start":{"line":26,"column":8},"end":{"line":26,"column":47}},"2":{"start":{"line":37,"column":8},"end":{"line":37,"column":704}},"3":{"start":{"line":41,"column":8},"end":{"line":41,"column":24}},"4":{"start":{"line":42,"column":8},"end":{"line":42,"column":826}},"5":{"start":{"line":48,"column":8},"end":{"line":48,"column":27}},"6":{"start":{"line":58,"column":8},"end":{"line":58,"column":1128}},"7":{"start":{"line":62,"column":8},"end":{"line":62,"column":37}},"8":{"start":{"line":72,"column":8},"end":{"line":72,"column":27}},"9":{"start":{"line":73,"column":8},"end":{"line":73,"column":1415}},"10":{"start":{"line":74,"column":12},"end":{"line":74,"column":27}},"11":{"start":{"line":82,"column":8},"end":{"line":82,"column":1542}}},"branchMap":{"1":{"line":37,"type":"if","locations":[{"start":{"line":37,"column":8},"end":{"line":37,"column":8}},{"start":{"line":37,"column":8},"end":{"line":37,"column":8}}]},"2":{"line":58,"type":"if","locations":[{"start":{"line":58,"column":8},"end":{"line":58,"column":8}},{"start":{"line":58,"column":8},"end":{"line":58,"column":8}}]},"3":{"line":73,"type":"if","locations":[{"start":{"line":73,"column":8},"end":{"line":73,"column":8}},{"start":{"line":73,"column":8},"end":{"line":73,"column":8}}]},"4":{"line":82,"type":"if","locations":[{"start":{"line":82,"column":8},"end":{"line":82,"column":8}},{"start":{"line":82,"column":8},"end":{"line":82,"column":8}}]}}},"contracts/ISuperHonk.sol":{"l":{"18":0,"19":0,"20":0},"path":"/Users/abraz/projetos/solidity_node/contracts/ISuperHonk.sol","s":{"1":0,"2":0,"3":0},"b":{"1":[0,0]},"f":{"1":0},"fnMap":{"1":{"name":"honk","line":15,"loc":{"start":{"line":15,"column":4},"end":{"line":21,"column":4}}}},"statementMap":{"1":{"start":{"line":18,"column":8},"end":{"line":18,"column":51}},"2":{"start":{"line":19,"column":8},"end":{"line":19,"column":17}},"3":{"start":{"line":20,"column":8},"end":{"line":20,"column":33}}},"branchMap":{"1":{"line":18,"type":"if","locations":[{"start":{"line":18,"column":8},"end":{"line":18,"column":8}},{"start":{"line":18,"column":8},"end":{"line":18,"column":8}}]}}},"contracts/Warnings.sol":{"l":{"10":0},"path":"/Users/abraz/projetos/solidity_node/contracts/Warnings.sol","s":{"1":0},"b":{},"f":{"1":0,"2":0},"fnMap":{"1":{"name":"constructor","line":7,"loc":{"start":{"line":7,"column":4},"end":{"line":7,"column":19}}},"2":{"name":"add","line":9,"loc":{"start":{"line":9,"column":4},"end":{"line":11,"column":4}}}},"statementMap":{"1":{"start":{"line":10,"column":8},"end":{"line":10,"column":20}}},"branchMap":{}}}